-------------------------------------------------------------------------------
Test set: com.dxc.wba.xref.XrefProjectApplicationTests
-------------------------------------------------------------------------------
Tests run: 1, Failures: 0, Errors: 1, Skipped: 0, Time elapsed: 3.502 s <<< FAILURE! - in com.dxc.wba.xref.XrefProjectApplicationTests
contextLoads  Time elapsed: 0.01 s  <<< ERROR!
java.lang.IllegalStateException: Failed to load ApplicationContext
Caused by: org.springframework.beans.factory.UnsatisfiedDependencyException: Error creating bean with name 'datasetController': Unsatisfied dependency expressed through field 'datasetService'; nested exception is org.springframework.beans.factory.UnsatisfiedDependencyException: Error creating bean with name 'datasetService': Unsatisfied dependency expressed through field 'xrefDatasetRepository'; nested exception is org.springframework.beans.factory.BeanCreationException: Error creating bean with name 'xrefDatasetRepository' defined in com.dxc.wba.xref.repository.XrefDatasetRepository defined in @EnableJpaRepositories declared on JpaRepositoriesRegistrar.EnableJpaRepositoriesConfiguration: Invocation of init method failed; nested exception is org.springframework.data.repository.query.QueryCreationException: Could not create query for public abstract com.dxc.wba.xref.dbmodel.XrefDataset com.dxc.wba.xref.repository.XrefDatasetRepository.findUserByStatusAndNameNamedParams(java.lang.String); Reason: Validation failed for query for method public abstract com.dxc.wba.xref.dbmodel.XrefDataset com.dxc.wba.xref.repository.XrefDatasetRepository.findUserByStatusAndNameNamedParams(java.lang.String)!; nested exception is java.lang.IllegalArgumentException: Validation failed for query for method public abstract com.dxc.wba.xref.dbmodel.XrefDataset com.dxc.wba.xref.repository.XrefDatasetRepository.findUserByStatusAndNameNamedParams(java.lang.String)!
Caused by: org.springframework.beans.factory.UnsatisfiedDependencyException: Error creating bean with name 'datasetService': Unsatisfied dependency expressed through field 'xrefDatasetRepository'; nested exception is org.springframework.beans.factory.BeanCreationException: Error creating bean with name 'xrefDatasetRepository' defined in com.dxc.wba.xref.repository.XrefDatasetRepository defined in @EnableJpaRepositories declared on JpaRepositoriesRegistrar.EnableJpaRepositoriesConfiguration: Invocation of init method failed; nested exception is org.springframework.data.repository.query.QueryCreationException: Could not create query for public abstract com.dxc.wba.xref.dbmodel.XrefDataset com.dxc.wba.xref.repository.XrefDatasetRepository.findUserByStatusAndNameNamedParams(java.lang.String); Reason: Validation failed for query for method public abstract com.dxc.wba.xref.dbmodel.XrefDataset com.dxc.wba.xref.repository.XrefDatasetRepository.findUserByStatusAndNameNamedParams(java.lang.String)!; nested exception is java.lang.IllegalArgumentException: Validation failed for query for method public abstract com.dxc.wba.xref.dbmodel.XrefDataset com.dxc.wba.xref.repository.XrefDatasetRepository.findUserByStatusAndNameNamedParams(java.lang.String)!
Caused by: org.springframework.beans.factory.BeanCreationException: Error creating bean with name 'xrefDatasetRepository' defined in com.dxc.wba.xref.repository.XrefDatasetRepository defined in @EnableJpaRepositories declared on JpaRepositoriesRegistrar.EnableJpaRepositoriesConfiguration: Invocation of init method failed; nested exception is org.springframework.data.repository.query.QueryCreationException: Could not create query for public abstract com.dxc.wba.xref.dbmodel.XrefDataset com.dxc.wba.xref.repository.XrefDatasetRepository.findUserByStatusAndNameNamedParams(java.lang.String); Reason: Validation failed for query for method public abstract com.dxc.wba.xref.dbmodel.XrefDataset com.dxc.wba.xref.repository.XrefDatasetRepository.findUserByStatusAndNameNamedParams(java.lang.String)!; nested exception is java.lang.IllegalArgumentException: Validation failed for query for method public abstract com.dxc.wba.xref.dbmodel.XrefDataset com.dxc.wba.xref.repository.XrefDatasetRepository.findUserByStatusAndNameNamedParams(java.lang.String)!
Caused by: org.springframework.data.repository.query.QueryCreationException: Could not create query for public abstract com.dxc.wba.xref.dbmodel.XrefDataset com.dxc.wba.xref.repository.XrefDatasetRepository.findUserByStatusAndNameNamedParams(java.lang.String); Reason: Validation failed for query for method public abstract com.dxc.wba.xref.dbmodel.XrefDataset com.dxc.wba.xref.repository.XrefDatasetRepository.findUserByStatusAndNameNamedParams(java.lang.String)!; nested exception is java.lang.IllegalArgumentException: Validation failed for query for method public abstract com.dxc.wba.xref.dbmodel.XrefDataset com.dxc.wba.xref.repository.XrefDatasetRepository.findUserByStatusAndNameNamedParams(java.lang.String)!
Caused by: java.lang.IllegalArgumentException: Validation failed for query for method public abstract com.dxc.wba.xref.dbmodel.XrefDataset com.dxc.wba.xref.repository.XrefDatasetRepository.findUserByStatusAndNameNamedParams(java.lang.String)!
Caused by: java.lang.IllegalArgumentException: org.hibernate.hql.internal.ast.QuerySyntaxException: xref_dataset is not mapped [SELECT dataset_name FROM xref_dataset]
Caused by: org.hibernate.hql.internal.ast.QuerySyntaxException: xref_dataset is not mapped [SELECT dataset_name FROM xref_dataset]
Caused by: org.hibernate.hql.internal.ast.QuerySyntaxException: xref_dataset is not mapped

